<?xml version="1.0" encoding="UTF-8"?>
<!-- Generated by org.testng.reporters.JUnitXMLReporter -->
<testsuite ignored="0" hostname="Chitra" failures="0" tests="3" name="Test" time="30.398" errors="0" timestamp="2024-09-05T16:56:32 IST">
  <testcase classname="runner.TC_001_Login" name="runners" time="2.96"/>
  <testcase classname="runner.TC_002_Logout" name="runners" time="3.322"/>
  <testcase classname="runner.TC_003_Account_Creation" name="runners" time="11.04"/>
</testsuite> <!-- Test -->
